INFO [2022-10-03 16:48:35] $x
INFO [2022-10-03 16:48:35] list(mus_set39$ensembl_gene_id, mus_set56$ensembl_gene_id, mus_set19$ensembl_gene_id)
INFO [2022-10-03 16:48:35] 
INFO [2022-10-03 16:48:35] $category.names
INFO [2022-10-03 16:48:35] c("Precystic P70", "Cystic P21", "Cystic P28")
INFO [2022-10-03 16:48:35] 
INFO [2022-10-03 16:48:35] $filename
INFO [2022-10-03 16:48:35] here("res/deseq2_outputs", "degs_venndiagram.png")
INFO [2022-10-03 16:48:35] 
INFO [2022-10-03 16:48:35] $output
INFO [2022-10-03 16:48:35] [1] TRUE
INFO [2022-10-03 16:48:35] 
INFO [2022-10-03 16:48:35] $imagetype
INFO [2022-10-03 16:48:35] [1] "png"
INFO [2022-10-03 16:48:35] 
INFO [2022-10-03 16:48:35] $height
INFO [2022-10-03 16:48:35] [1] 480
INFO [2022-10-03 16:48:35] 
INFO [2022-10-03 16:48:35] $width
INFO [2022-10-03 16:48:35] [1] 570
INFO [2022-10-03 16:48:35] 
INFO [2022-10-03 16:48:35] $resolution
INFO [2022-10-03 16:48:35] [1] 300
INFO [2022-10-03 16:48:35] 
INFO [2022-10-03 16:48:35] $compression
INFO [2022-10-03 16:48:35] [1] "lzw"
INFO [2022-10-03 16:48:35] 
INFO [2022-10-03 16:48:35] $lwd
INFO [2022-10-03 16:48:35] [1] 2
INFO [2022-10-03 16:48:35] 
INFO [2022-10-03 16:48:35] $col
INFO [2022-10-03 16:48:35] c("#440154ff", "#21908dff", "#fde725ff")
INFO [2022-10-03 16:48:35] 
INFO [2022-10-03 16:48:35] $fill
INFO [2022-10-03 16:48:35] c(alpha("#440154ff", 0.3), alpha("#21908dff", 0.3), alpha("#fde725ff", 
INFO [2022-10-03 16:48:35]     0.3))
INFO [2022-10-03 16:48:35] 
INFO [2022-10-03 16:48:35] $cex
INFO [2022-10-03 16:48:35] [1] 0.6
INFO [2022-10-03 16:48:35] 
INFO [2022-10-03 16:48:35] $fontface
INFO [2022-10-03 16:48:35] [1] "bold"
INFO [2022-10-03 16:48:35] 
INFO [2022-10-03 16:48:35] $fontfamily
INFO [2022-10-03 16:48:35] [1] "sans"
INFO [2022-10-03 16:48:35] 
INFO [2022-10-03 16:48:35] $cat.cex
INFO [2022-10-03 16:48:35] [1] 0.55
INFO [2022-10-03 16:48:35] 
INFO [2022-10-03 16:48:35] $cat.fontface
INFO [2022-10-03 16:48:35] [1] "bold"
INFO [2022-10-03 16:48:35] 
INFO [2022-10-03 16:48:35] $cat.default.pos
INFO [2022-10-03 16:48:35] [1] "outer"
INFO [2022-10-03 16:48:35] 
INFO [2022-10-03 16:48:35] $cat.pos
INFO [2022-10-03 16:48:35] c(-27, 27, 135)
INFO [2022-10-03 16:48:35] 
INFO [2022-10-03 16:48:35] $cat.dist
INFO [2022-10-03 16:48:35] c(0.055, 0.055, 0.085)
INFO [2022-10-03 16:48:35] 
INFO [2022-10-03 16:48:35] $cat.fontfamily
INFO [2022-10-03 16:48:35] [1] "sans"
INFO [2022-10-03 16:48:35] 
INFO [2022-10-03 16:48:35] $rotation
INFO [2022-10-03 16:48:35] [1] 1
INFO [2022-10-03 16:48:35] 
