INFO [2022-11-30 13:06:46] $x
INFO [2022-11-30 13:06:46] list(set1, set2, set3)
INFO [2022-11-30 13:06:46] 
INFO [2022-11-30 13:06:46] $category.names
INFO [2022-11-30 13:06:46] categories
INFO [2022-11-30 13:06:46] 
INFO [2022-11-30 13:06:46] $filename
INFO [2022-11-30 13:06:46] filename
INFO [2022-11-30 13:06:46] 
INFO [2022-11-30 13:06:46] $output
INFO [2022-11-30 13:06:46] [1] TRUE
INFO [2022-11-30 13:06:46] 
INFO [2022-11-30 13:06:46] $imagetype
INFO [2022-11-30 13:06:46] [1] "png"
INFO [2022-11-30 13:06:46] 
INFO [2022-11-30 13:06:46] $height
INFO [2022-11-30 13:06:46] [1] 480
INFO [2022-11-30 13:06:46] 
INFO [2022-11-30 13:06:46] $width
INFO [2022-11-30 13:06:46] [1] 570
INFO [2022-11-30 13:06:46] 
INFO [2022-11-30 13:06:46] $resolution
INFO [2022-11-30 13:06:46] [1] 300
INFO [2022-11-30 13:06:46] 
INFO [2022-11-30 13:06:46] $compression
INFO [2022-11-30 13:06:46] [1] "lzw"
INFO [2022-11-30 13:06:46] 
INFO [2022-11-30 13:06:46] $lwd
INFO [2022-11-30 13:06:46] [1] 2
INFO [2022-11-30 13:06:46] 
INFO [2022-11-30 13:06:46] $col
INFO [2022-11-30 13:06:46] c("#440154ff", "#21908dff", "#fde725ff")
INFO [2022-11-30 13:06:46] 
INFO [2022-11-30 13:06:46] $fill
INFO [2022-11-30 13:06:46] c(alpha("#440154ff", 0.3), alpha("#21908dff", 0.3), alpha("#fde725ff", 
INFO [2022-11-30 13:06:46]     0.3))
INFO [2022-11-30 13:06:46] 
INFO [2022-11-30 13:06:46] $cex
INFO [2022-11-30 13:06:46] [1] 0.6
INFO [2022-11-30 13:06:46] 
INFO [2022-11-30 13:06:46] $fontface
INFO [2022-11-30 13:06:46] [1] "bold"
INFO [2022-11-30 13:06:46] 
INFO [2022-11-30 13:06:46] $fontfamily
INFO [2022-11-30 13:06:46] [1] "sans"
INFO [2022-11-30 13:06:46] 
INFO [2022-11-30 13:06:46] $cat.cex
INFO [2022-11-30 13:06:46] [1] 0.55
INFO [2022-11-30 13:06:46] 
INFO [2022-11-30 13:06:46] $cat.fontface
INFO [2022-11-30 13:06:46] [1] "bold"
INFO [2022-11-30 13:06:46] 
INFO [2022-11-30 13:06:46] $cat.default.pos
INFO [2022-11-30 13:06:46] [1] "outer"
INFO [2022-11-30 13:06:46] 
INFO [2022-11-30 13:06:46] $cat.pos
INFO [2022-11-30 13:06:46] c(-27, 27, 135)
INFO [2022-11-30 13:06:46] 
INFO [2022-11-30 13:06:46] $cat.dist
INFO [2022-11-30 13:06:46] c(0.055, 0.055, 0.085)
INFO [2022-11-30 13:06:46] 
INFO [2022-11-30 13:06:46] $cat.fontfamily
INFO [2022-11-30 13:06:46] [1] "sans"
INFO [2022-11-30 13:06:46] 
INFO [2022-11-30 13:06:46] $rotation
INFO [2022-11-30 13:06:46] [1] 1
INFO [2022-11-30 13:06:46] 
