INFO [2022-10-03 16:59:47] $x
INFO [2022-10-03 16:59:47] list(set39$entrezgene_id, set56$entrezgene_id, set19$entrezgene_id)
INFO [2022-10-03 16:59:47] 
INFO [2022-10-03 16:59:47] $category.names
INFO [2022-10-03 16:59:47] c("Precystic P70", "Cystic P21", "Cystic P28")
INFO [2022-10-03 16:59:47] 
INFO [2022-10-03 16:59:47] $filename
INFO [2022-10-03 16:59:47] here("res/deseq2_outputs", "signatures_venndiagram.png")
INFO [2022-10-03 16:59:47] 
INFO [2022-10-03 16:59:47] $output
INFO [2022-10-03 16:59:47] [1] TRUE
INFO [2022-10-03 16:59:47] 
INFO [2022-10-03 16:59:47] $imagetype
INFO [2022-10-03 16:59:47] [1] "png"
INFO [2022-10-03 16:59:47] 
INFO [2022-10-03 16:59:47] $height
INFO [2022-10-03 16:59:47] [1] 480
INFO [2022-10-03 16:59:47] 
INFO [2022-10-03 16:59:47] $width
INFO [2022-10-03 16:59:47] [1] 570
INFO [2022-10-03 16:59:47] 
INFO [2022-10-03 16:59:47] $resolution
INFO [2022-10-03 16:59:47] [1] 300
INFO [2022-10-03 16:59:47] 
INFO [2022-10-03 16:59:47] $compression
INFO [2022-10-03 16:59:47] [1] "lzw"
INFO [2022-10-03 16:59:47] 
INFO [2022-10-03 16:59:47] $lwd
INFO [2022-10-03 16:59:47] [1] 2
INFO [2022-10-03 16:59:47] 
INFO [2022-10-03 16:59:47] $col
INFO [2022-10-03 16:59:47] c("#440154ff", "#21908dff", "#fde725ff")
INFO [2022-10-03 16:59:47] 
INFO [2022-10-03 16:59:47] $fill
INFO [2022-10-03 16:59:47] c(alpha("#440154ff", 0.3), alpha("#21908dff", 0.3), alpha("#fde725ff", 
INFO [2022-10-03 16:59:47]     0.3))
INFO [2022-10-03 16:59:47] 
INFO [2022-10-03 16:59:47] $cex
INFO [2022-10-03 16:59:47] [1] 0.6
INFO [2022-10-03 16:59:47] 
INFO [2022-10-03 16:59:47] $fontface
INFO [2022-10-03 16:59:47] [1] "bold"
INFO [2022-10-03 16:59:47] 
INFO [2022-10-03 16:59:47] $fontfamily
INFO [2022-10-03 16:59:47] [1] "sans"
INFO [2022-10-03 16:59:47] 
INFO [2022-10-03 16:59:47] $cat.cex
INFO [2022-10-03 16:59:47] [1] 0.55
INFO [2022-10-03 16:59:47] 
INFO [2022-10-03 16:59:47] $cat.fontface
INFO [2022-10-03 16:59:47] [1] "bold"
INFO [2022-10-03 16:59:47] 
INFO [2022-10-03 16:59:47] $cat.default.pos
INFO [2022-10-03 16:59:47] [1] "outer"
INFO [2022-10-03 16:59:47] 
INFO [2022-10-03 16:59:47] $cat.pos
INFO [2022-10-03 16:59:47] c(-27, 27, 135)
INFO [2022-10-03 16:59:47] 
INFO [2022-10-03 16:59:47] $cat.dist
INFO [2022-10-03 16:59:47] c(0.055, 0.055, 0.085)
INFO [2022-10-03 16:59:47] 
INFO [2022-10-03 16:59:47] $cat.fontfamily
INFO [2022-10-03 16:59:47] [1] "sans"
INFO [2022-10-03 16:59:47] 
INFO [2022-10-03 16:59:47] $rotation
INFO [2022-10-03 16:59:47] [1] 1
INFO [2022-10-03 16:59:47] 
