INFO [2022-11-30 13:00:24] $x
INFO [2022-11-30 13:00:24] list(set1, set2, set3)
INFO [2022-11-30 13:00:24] 
INFO [2022-11-30 13:00:24] $category.names
INFO [2022-11-30 13:00:24] categories
INFO [2022-11-30 13:00:24] 
INFO [2022-11-30 13:00:24] $filename
INFO [2022-11-30 13:00:24] filename
INFO [2022-11-30 13:00:24] 
INFO [2022-11-30 13:00:24] $output
INFO [2022-11-30 13:00:24] [1] TRUE
INFO [2022-11-30 13:00:24] 
INFO [2022-11-30 13:00:24] $imagetype
INFO [2022-11-30 13:00:24] [1] "png"
INFO [2022-11-30 13:00:24] 
INFO [2022-11-30 13:00:24] $height
INFO [2022-11-30 13:00:24] [1] 480
INFO [2022-11-30 13:00:24] 
INFO [2022-11-30 13:00:24] $width
INFO [2022-11-30 13:00:24] [1] 570
INFO [2022-11-30 13:00:24] 
INFO [2022-11-30 13:00:24] $resolution
INFO [2022-11-30 13:00:24] [1] 300
INFO [2022-11-30 13:00:24] 
INFO [2022-11-30 13:00:24] $compression
INFO [2022-11-30 13:00:24] [1] "lzw"
INFO [2022-11-30 13:00:24] 
INFO [2022-11-30 13:00:24] $lwd
INFO [2022-11-30 13:00:24] [1] 2
INFO [2022-11-30 13:00:24] 
INFO [2022-11-30 13:00:24] $col
INFO [2022-11-30 13:00:24] c("#440154ff", "#21908dff", "#fde725ff")
INFO [2022-11-30 13:00:24] 
INFO [2022-11-30 13:00:24] $fill
INFO [2022-11-30 13:00:24] c(alpha("#440154ff", 0.3), alpha("#21908dff", 0.3), alpha("#fde725ff", 
INFO [2022-11-30 13:00:24]     0.3))
INFO [2022-11-30 13:00:24] 
INFO [2022-11-30 13:00:24] $cex
INFO [2022-11-30 13:00:24] [1] 0.6
INFO [2022-11-30 13:00:24] 
INFO [2022-11-30 13:00:24] $fontface
INFO [2022-11-30 13:00:24] [1] "bold"
INFO [2022-11-30 13:00:24] 
INFO [2022-11-30 13:00:24] $fontfamily
INFO [2022-11-30 13:00:24] [1] "sans"
INFO [2022-11-30 13:00:24] 
INFO [2022-11-30 13:00:24] $cat.cex
INFO [2022-11-30 13:00:24] [1] 0.55
INFO [2022-11-30 13:00:24] 
INFO [2022-11-30 13:00:24] $cat.fontface
INFO [2022-11-30 13:00:24] [1] "bold"
INFO [2022-11-30 13:00:24] 
INFO [2022-11-30 13:00:24] $cat.default.pos
INFO [2022-11-30 13:00:24] [1] "outer"
INFO [2022-11-30 13:00:24] 
INFO [2022-11-30 13:00:24] $cat.pos
INFO [2022-11-30 13:00:24] c(-27, 27, 135)
INFO [2022-11-30 13:00:24] 
INFO [2022-11-30 13:00:24] $cat.dist
INFO [2022-11-30 13:00:24] c(0.055, 0.055, 0.085)
INFO [2022-11-30 13:00:24] 
INFO [2022-11-30 13:00:24] $cat.fontfamily
INFO [2022-11-30 13:00:24] [1] "sans"
INFO [2022-11-30 13:00:24] 
INFO [2022-11-30 13:00:24] $rotation
INFO [2022-11-30 13:00:24] [1] 1
INFO [2022-11-30 13:00:24] 
