INFO [2022-11-10 15:54:51] $x
INFO [2022-11-10 15:54:51] list(set39$entrezgene_id, set56$entrezgene_id, set19$entrezgene_id)
INFO [2022-11-10 15:54:51] 
INFO [2022-11-10 15:54:51] $category.names
INFO [2022-11-10 15:54:51] c("Precystic P70", "Cystic P21", "Cystic P28")
INFO [2022-11-10 15:54:51] 
INFO [2022-11-10 15:54:51] $filename
INFO [2022-11-10 15:54:51] here("res/deseq2_outputs", "signatures_venndiagram.png")
INFO [2022-11-10 15:54:51] 
INFO [2022-11-10 15:54:51] $output
INFO [2022-11-10 15:54:51] [1] TRUE
INFO [2022-11-10 15:54:51] 
INFO [2022-11-10 15:54:51] $imagetype
INFO [2022-11-10 15:54:51] [1] "png"
INFO [2022-11-10 15:54:51] 
INFO [2022-11-10 15:54:51] $height
INFO [2022-11-10 15:54:51] [1] 480
INFO [2022-11-10 15:54:51] 
INFO [2022-11-10 15:54:51] $width
INFO [2022-11-10 15:54:51] [1] 570
INFO [2022-11-10 15:54:51] 
INFO [2022-11-10 15:54:51] $resolution
INFO [2022-11-10 15:54:51] [1] 300
INFO [2022-11-10 15:54:51] 
INFO [2022-11-10 15:54:51] $compression
INFO [2022-11-10 15:54:51] [1] "lzw"
INFO [2022-11-10 15:54:51] 
INFO [2022-11-10 15:54:51] $lwd
INFO [2022-11-10 15:54:51] [1] 2
INFO [2022-11-10 15:54:51] 
INFO [2022-11-10 15:54:51] $col
INFO [2022-11-10 15:54:51] c("#440154ff", "#21908dff", "#fde725ff")
INFO [2022-11-10 15:54:51] 
INFO [2022-11-10 15:54:51] $fill
INFO [2022-11-10 15:54:51] c(alpha("#440154ff", 0.3), alpha("#21908dff", 0.3), alpha("#fde725ff", 
INFO [2022-11-10 15:54:51]     0.3))
INFO [2022-11-10 15:54:51] 
INFO [2022-11-10 15:54:51] $cex
INFO [2022-11-10 15:54:51] [1] 0.6
INFO [2022-11-10 15:54:51] 
INFO [2022-11-10 15:54:51] $fontface
INFO [2022-11-10 15:54:51] [1] "bold"
INFO [2022-11-10 15:54:51] 
INFO [2022-11-10 15:54:51] $fontfamily
INFO [2022-11-10 15:54:51] [1] "sans"
INFO [2022-11-10 15:54:51] 
INFO [2022-11-10 15:54:51] $cat.cex
INFO [2022-11-10 15:54:51] [1] 0.55
INFO [2022-11-10 15:54:51] 
INFO [2022-11-10 15:54:51] $cat.fontface
INFO [2022-11-10 15:54:51] [1] "bold"
INFO [2022-11-10 15:54:51] 
INFO [2022-11-10 15:54:51] $cat.default.pos
INFO [2022-11-10 15:54:51] [1] "outer"
INFO [2022-11-10 15:54:51] 
INFO [2022-11-10 15:54:51] $cat.pos
INFO [2022-11-10 15:54:51] c(-27, 27, 135)
INFO [2022-11-10 15:54:51] 
INFO [2022-11-10 15:54:51] $cat.dist
INFO [2022-11-10 15:54:51] c(0.055, 0.055, 0.085)
INFO [2022-11-10 15:54:51] 
INFO [2022-11-10 15:54:51] $cat.fontfamily
INFO [2022-11-10 15:54:51] [1] "sans"
INFO [2022-11-10 15:54:51] 
INFO [2022-11-10 15:54:51] $rotation
INFO [2022-11-10 15:54:51] [1] 1
INFO [2022-11-10 15:54:51] 
